[debug] [2025-01-11T22:31:45.247Z] [Firebase Plugin] Activating Firebase extension.
[debug] [2025-01-11T22:31:48.672Z] [Firebase Plugin] VSCode notification server listening on port 40002
[info] [Firebase Plugin] Starting Data Connect toolkit on port 50001
[debug] [2025-01-11T22:31:49.255Z] I0111 23:31:49.242010  297434 control.go:45] [engine.Service /emulator/destinopia 0a9e] UpdateSchema(): done sources: schema/schema.gql [1384B] 
I0111 23:31:49.253566  297434 control.go:73] [engine.Service /emulator/destinopia 0a9e] UpdateConnector(default): done sources: connector/mutations.gql [1163B] connector/queries.gql [1855B] 
 {"metadata":{"emulator":{"name":"dataconnect"},"message":"I0111 23:31:49.242010  297434 control.go:45] [engine.Service /emulator/destinopia 0a9e] UpdateSchema(): done sources: schema/schema.gql [1384B] \nI0111 23:31:49.253566  297434 control.go:73] [engine.Service /emulator/destinopia 0a9e] UpdateConnector(default): done sources: connector/mutations.gql [1163B] connector/queries.gql [1855B] \n"}}
[debug] [2025-01-11T22:31:49.256Z] Ignoring unsupported arg: auto_download {"metadata":{"emulator":{"name":"dataconnect"},"message":"Ignoring unsupported arg: auto_download"}}
[debug] [2025-01-11T22:31:49.256Z] Ignoring unsupported arg: port {"metadata":{"emulator":{"name":"dataconnect"},"message":"Ignoring unsupported arg: port"}}
[debug] [2025-01-11T22:31:49.257Z] Starting Data Connect Emulator with command {"binary":"/home/lol/.cache/firebase/emulators/dataconnect-emulator-1.7.5","args":["--logtostderr","-v=2","dev","--listen=localhost:50001","--config_dir=/home/lol/Desktop/destinopia/destinopia/dataconnect","--enable_output_schema_extensions=true","--enable_output_generated_sdk=true"],"optionalArgs":["listen","config_dir","enable_output_schema_extensions","enable_output_generated_sdk"],"joinArgs":true,"shell":false,"port":9399} {"metadata":{"emulator":{"name":"dataconnect"},"message":"Starting Data Connect Emulator with command {\"binary\":\"/home/lol/.cache/firebase/emulators/dataconnect-emulator-1.7.5\",\"args\":[\"--logtostderr\",\"-v=2\",\"dev\",\"--listen=localhost:50001\",\"--config_dir=/home/lol/Desktop/destinopia/destinopia/dataconnect\",\"--enable_output_schema_extensions=true\",\"--enable_output_generated_sdk=true\"],\"optionalArgs\":[\"listen\",\"config_dir\",\"enable_output_schema_extensions\",\"enable_output_generated_sdk\"],\"joinArgs\":true,\"shell\":false,\"port\":9399}"}}
[info] i  dataconnect: Data Connect Emulator logging to dataconnect-debug.log {"metadata":{"emulator":{"name":"dataconnect"},"message":"Data Connect Emulator logging to dataconnect-debug.log"}}
[debug] [2025-01-11T22:31:49.436Z] I0111 23:31:49.291115  297442 load.go:37] Reloading schema and connectors...
I0111 23:31:49.302773  297442 control.go:45] [engine.Service /emulator/destinopia b2b2] UpdateSchema(): done sources: schema/schema.gql [1384B] 
I0111 23:31:49.308731  297442 control.go:73] [engine.Service /emulator/destinopia b2b2] UpdateConnector(default): done sources: connector/queries.gql [1855B] connector/mutations.gql [1163B] 
I0111 23:31:49.324550  297442 codegen.go:82] [connector "default" javascriptSdk] Generating sources into "/home/lol/Desktop/destinopia/destinopia/dataconnect-generated/js/default-connector"
I0111 23:31:49.325241  297442 collector.go:107] schema extensions wrote into "/home/lol/Desktop/destinopia/destinopia/dataconnect/.dataconnect/schema"
Generated sources: prelude.gql [65151B] 
I0111 23:31:49.325508  297442 collector.go:107] connector "default" javascriptSdk wrote into "/home/lol/Desktop/destinopia/destinopia/dataconnect-generated/js/default-connector"
Generated sources: esm/package.json [17B] index.cjs.js [224B] package.json [634B] index.d.ts [264B] esm/index.esm.js [183B] 
I0111 23:31:49.328673  297442 installsdk.go:48] Package @firebasegen/default-connector is already installed. Skipping installation
I0111 23:31:49.328706  297442 load.go:115] Finished reloading
I0111 23:31:49.331231  297442 dev.go:95] Listening on address (HTTP + gRPC): 127.0.0.1:50001
 {"metadata":{"emulator":{"name":"dataconnect"},"message":"I0111 23:31:49.291115  297442 load.go:37] Reloading schema and connectors...\nI0111 23:31:49.302773  297442 control.go:45] [engine.Service /emulator/destinopia b2b2] UpdateSchema(): done sources: schema/schema.gql [1384B] \nI0111 23:31:49.308731  297442 control.go:73] [engine.Service /emulator/destinopia b2b2] UpdateConnector(default): done sources: connector/queries.gql [1855B] connector/mutations.gql [1163B] \nI0111 23:31:49.324550  297442 codegen.go:82] [connector \"default\" javascriptSdk] Generating sources into \"/home/lol/Desktop/destinopia/destinopia/dataconnect-generated/js/default-connector\"\nI0111 23:31:49.325241  297442 collector.go:107] schema extensions wrote into \"/home/lol/Desktop/destinopia/destinopia/dataconnect/.dataconnect/schema\"\nGenerated sources: prelude.gql [65151B] \nI0111 23:31:49.325508  297442 collector.go:107] connector \"default\" javascriptSdk wrote into \"/home/lol/Desktop/destinopia/destinopia/dataconnect-generated/js/default-connector\"\nGenerated sources: esm/package.json [17B] index.cjs.js [224B] package.json [634B] index.d.ts [264B] esm/index.esm.js [183B] \nI0111 23:31:49.328673  297442 installsdk.go:48] Package @firebasegen/default-connector is already installed. Skipping installation\nI0111 23:31:49.328706  297442 load.go:115] Finished reloading\nI0111 23:31:49.331231  297442 dev.go:95] Listening on address (HTTP + gRPC): 127.0.0.1:50001\n"}}
[debug] [2025-01-11T22:31:49.987Z] I0111 23:31:49.979762  297442 engine.go:148] [engine.Service /emulator/destinopia b2b2] ExecuteGraphqlRead IntrospectionQuery: succeeded. 
 {"metadata":{"emulator":{"name":"dataconnect"},"message":"I0111 23:31:49.979762  297442 engine.go:148] [engine.Service /emulator/destinopia b2b2] ExecuteGraphqlRead IntrospectionQuery: succeeded. \n"}}
